Build started 2014-08-25 21:05:27.
     1>Project "D:\NAUKAVISUALA\nauka1\nauka1\nauka1.vcxproj" on node 2 (build target(s)).
     1>InitializeBuildStatus:
         Touching "x64\Debug\nauka1.unsuccessfulbuild".
       ClCompile:
         D:\Program Files (x86)\Visual Studio\VC\bin\x86_amd64\CL.exe /c /ID:\biblSFML\include /Zi /nologo /W3 /WX- /Od /D _MBCS /Gm /EHsc /RTC1 /MDd /GS /fp:precise /Zc:wchar_t /Zc:forScope /Fo"x64\Debug\\" /Fd"x64\Debug\vc100.pdb" /Gd /TP /errorReport:prompt C_Painter.cpp
         C_Painter.cpp
       Link:
         D:\Program Files (x86)\Visual Studio\VC\bin\x86_amd64\link.exe /ERRORREPORT:PROMPT /OUT:"D:\NAUKAVISUALA\nauka1\x64\Debug\nauka1.exe" /NOLOGO /LIBPATH:D:\biblSFML\lib "sfml-audio-d.lib" "sfml-graphics-d.lib" "sfml-main-d.lib" "sfml-network-d.lib" "sfml-system-d.lib" "sfml-window-d.lib" kernel32.lib user32.lib gdi32.lib winspool.lib comdlg32.lib advapi32.lib shell32.lib ole32.lib oleaut32.lib uuid.lib odbc32.lib odbccp32.lib /MANIFEST /ManifestFile:"x64\Debug\nauka1.exe.intermediate.manifest" /MANIFESTUAC:"level='asInvoker' uiAccess='false'" /DEBUG /PDB:"D:\NAUKAVISUALA\nauka1\x64\Debug\nauka1.pdb" /SUBSYSTEM:CONSOLE /TLBID:1 /DYNAMICBASE /NXCOMPAT /IMPLIB:"D:\NAUKAVISUALA\nauka1\x64\Debug\nauka1.lib" /MACHINE:X64 x64\Debug\C_Cell.obj
         x64\Debug\C_Frog.obj
         x64\Debug\C_Map.obj
         x64\Debug\C_MobileObject.obj
         x64\Debug\C_Painter.obj
         x64\Debug\main.obj
         x64\Debug\Typy.obj
         LINK : D:\NAUKAVISUALA\nauka1\x64\Debug\nauka1.exe not found or not built by the last incremental link; performing full link
         nauka1.vcxproj -> D:\NAUKAVISUALA\nauka1\x64\Debug\nauka1.exe
       Manifest:
         C:\Program Files (x86)\Microsoft SDKs\Windows\v7.0A\bin\mt.exe /nologo /verbose /outputresource:"D:\NAUKAVISUALA\nauka1\x64\Debug\nauka1.exe;#1" /manifest x64\Debug\nauka1.exe.intermediate.manifest
       FinalizeBuildStatus:
         Deleting file "x64\Debug\nauka1.unsuccessfulbuild".
         Touching "x64\Debug\nauka1.lastbuildstate".
     1>Done Building Project "D:\NAUKAVISUALA\nauka1\nauka1\nauka1.vcxproj" (build target(s)).

Build succeeded.

Time Elapsed 00:00:02.00
