D:\NAUKAVISUALA\NAUKA1\NAUKA1\X64\DEBUG\CAR.OBJ
D:\NAUKAVISUALA\nauka1\nauka1\x64\Debug\cl.command.1.tlog
D:\NAUKAVISUALA\nauka1\nauka1\x64\Debug\CL.read.1.tlog
D:\NAUKAVISUALA\nauka1\nauka1\x64\Debug\CL.write.1.tlog
D:\NAUKAVISUALA\NAUKA1\NAUKA1\X64\DEBUG\FROG.OBJ
D:\NAUKAVISUALA\NAUKA1\NAUKA1\X64\DEBUG\JEZDNIA.OBJ
D:\NAUKAVISUALA\nauka1\nauka1\x64\Debug\link.command.1.tlog
D:\NAUKAVISUALA\nauka1\nauka1\x64\Debug\link.read.1.tlog
D:\NAUKAVISUALA\nauka1\nauka1\x64\Debug\link.read.2.tlog
D:\NAUKAVISUALA\nauka1\nauka1\x64\Debug\link.write.1.tlog
D:\NAUKAVISUALA\NAUKA1\NAUKA1\X64\DEBUG\MAIN.OBJ
D:\NAUKAVISUALA\NAUKA1\NAUKA1\X64\DEBUG\MOVOBJECT.OBJ
D:\NAUKAVISUALA\nauka1\nauka1\x64\Debug\mt.command.1.tlog
D:\NAUKAVISUALA\nauka1\nauka1\x64\Debug\mt.read.1.tlog
D:\NAUKAVISUALA\nauka1\nauka1\x64\Debug\mt.write.1.tlog
D:\NAUKAVISUALA\NAUKA1\NAUKA1\X64\DEBUG\NAUKA1.EXE.INTERMEDIATE.MANIFEST
D:\NAUKAVISUALA\NAUKA1\NAUKA1\X64\DEBUG\PLAYER.OBJ
D:\NAUKAVISUALA\nauka1\nauka1\x64\Debug\vc100.idb
D:\NAUKAVISUALA\NAUKA1\NAUKA1\X64\DEBUG\VC100.PDB
D:\NAUKAVISUALA\NAUKA1\X64\DEBUG\NAUKA1.EXE
D:\NAUKAVISUALA\NAUKA1\X64\DEBUG\NAUKA1.ILK
D:\NAUKAVISUALA\NAUKA1\X64\DEBUG\NAUKA1.PDB
